\BOOKMARK [0][-]{chapter.1}{\376\377\000A\000b\000s\000t\000r\000a\000c\000t}{}% 1
\BOOKMARK [0][-]{chapter.2}{\376\377\000D\000e\000c\000l\000a\000r\000a\000t\000i\000o\000n}{}% 2
\BOOKMARK [0][-]{chapter.3}{\376\377\000I\000n\000t\000r\000o\000d\000u\000c\000t\000i\000o\000n}{}% 3
\BOOKMARK [1][-]{section.3.1}{\376\377\000B\000a\000c\000k\000g\000r\000o\000u\000n\000d\000\040\000o\000n\000\040\000C\000e\000l\000l\000u\000l\000a\000r\000\040\000N\000e\000t\000w\000o\000r\000k\000s}{chapter.3}% 4
\BOOKMARK [1][-]{section.3.2}{\376\377\000T\000h\000r\000o\000u\000g\000h\000p\000u\000t\000\040\000P\000r\000e\000d\000i\000c\000t\000i\000o\000n\000\040\000f\000o\000r\000\040\000C\000e\000l\000l\000u\000l\000a\000r\000\040\000N\000e\000t\000w\000o\000r\000k\000s}{chapter.3}% 5
\BOOKMARK [0][-]{chapter.4}{\376\377\000P\000r\000o\000b\000l\000e\000m\000\040\000A\000n\000a\000l\000y\000s\000i\000s}{}% 6
\BOOKMARK [1][-]{section.4.1}{\376\377\000O\000u\000t\000l\000i\000n\000e\000\040\000o\000f\000\040\000t\000h\000e\000\040\000D\000a\000t\000a\000s\000e\000t}{chapter.4}% 7
\BOOKMARK [1][-]{section.4.2}{\376\377\000C\000o\000n\000s\000i\000d\000e\000r\000a\000t\000i\000o\000n\000s\000\040\000o\000f\000\040\000t\000h\000e\000\040\000D\000a\000t\000a\000s\000e\000t}{chapter.4}% 8
\BOOKMARK [1][-]{section.4.3}{\376\377\000I\000d\000e\000n\000t\000i\000f\000y\000i\000n\000g\000\040\000M\000i\000s\000s\000i\000n\000g\000\040\000V\000a\000l\000u\000e\000s}{chapter.4}% 9
\BOOKMARK [1][-]{section.4.4}{\376\377\000D\000i\000s\000t\000r\000i\000b\000u\000t\000i\000o\000n\000\040\000o\000f\000\040\000F\000e\000a\000t\000u\000r\000e\000s\000\040\000\046\000\040\000O\000u\000t\000l\000i\000e\000r\000\040\000D\000e\000t\000e\000c\000t\000i\000o\000n}{chapter.4}% 10
\BOOKMARK [1][-]{section.4.5}{\376\377\000S\000e\000q\000u\000e\000n\000c\000e\000\040\000c\000o\000n\000s\000t\000r\000u\000c\000t\000i\000o\000n}{chapter.4}% 11
\BOOKMARK [1][-]{section.4.6}{\376\377\000C\000h\000o\000i\000c\000e\000\040\000o\000f\000\040\000H\000i\000s\000t\000o\000r\000y\000\040\000\046\000\040\000H\000o\000r\000i\000z\000o\000n\000\040\000W\000i\000n\000d\000o\000w\000s}{chapter.4}% 12
\BOOKMARK [1][-]{section.4.7}{\376\377\000S\000e\000l\000e\000c\000t\000i\000o\000n\000\040\000o\000f\000\040\000t\000r\000a\000i\000n\000/\000t\000e\000s\000t\000\040\000S\000p\000l\000i\000t\000s}{chapter.4}% 13
\BOOKMARK [1][-]{section.4.8}{\376\377\000I\000d\000e\000n\000t\000i\000f\000y\000i\000n\000g\000\040\000B\000o\000u\000n\000d\000s\000\040\000f\000o\000r\000\040\000M\000u\000t\000l\000i\000s\000t\000a\000g\000e\000\040\000M\000o\000d\000e\000l\000\040\000C\000l\000a\000s\000s\000e\000s}{chapter.4}% 14
\BOOKMARK [1][-]{section.4.9}{\376\377\000F\000e\000a\000t\000u\000r\000e\000\040\000S\000e\000l\000e\000c\000t\000i\000o\000n}{chapter.4}% 15
\BOOKMARK [1][-]{section.4.10}{\376\377\000I\000m\000p\000u\000t\000a\000t\000i\000o\000n\000\040\000\046\000\040\000S\000c\000a\000l\000i\000n\000g}{chapter.4}% 16
\BOOKMARK [0][-]{chapter.5}{\376\377\000D\000e\000s\000i\000g\000n}{}% 17
\BOOKMARK [1][-]{section.5.1}{\376\377\000M\000o\000d\000e\000l\000\040\000T\000u\000n\000i\000n\000g}{chapter.5}% 18
\BOOKMARK [1][-]{section.5.2}{\376\377\000M\000u\000l\000t\000i\000s\000t\000a\000g\000e\000\040\000O\000n\000e}{chapter.5}% 19
\BOOKMARK [1][-]{section.5.3}{\376\377\000M\000u\000l\000t\000i\000s\000t\000a\000g\000e\000\040\000A\000l\000l}{chapter.5}% 20
\BOOKMARK [0][-]{chapter.6}{\376\377\000R\000e\000s\000u\000l\000t\000s}{}% 21
\BOOKMARK [1][-]{section.6.1}{\376\377\000T\000e\000s\000t\000i\000n\000g\000\040\000F\000r\000a\000m\000e\000w\000o\000r\000k}{chapter.6}% 22
\BOOKMARK [1][-]{section.6.2}{\376\377\000C\000o\000n\000s\000t\000r\000i\000c\000t\000e\000d\000\040\000T\000h\000r\000o\000u\000g\000h\000p\000u\000t\000\040\000M\000o\000d\000e\000l\000s\000\040\000V\000s\000\040\000B\000a\000s\000e\000l\000i\000n\000e\000\040\000M\000o\000d\000e\000l}{chapter.6}% 23
\BOOKMARK [1][-]{section.6.3}{\376\377\000M\000u\000l\000t\000i\000s\000t\000a\000g\000e\000\040\000V\000s\000\040\000B\000a\000s\000e\000l\000i\000n\000e}{chapter.6}% 24
\BOOKMARK [1][-]{section.6.4}{\376\377\000E\000q\000u\000a\000l\000i\000s\000e\000d\000\040\000f\000o\000r\000\040\000M\000o\000d\000e\000l\000\040\000S\000i\000z\000e}{chapter.6}% 25
\BOOKMARK [0][-]{chapter.7}{\376\377\000C\000o\000n\000c\000l\000u\000s\000i\000o\000n\000s}{}% 26
